======================================================================
Bouyeure et al. 2026 — Fear RSA — Verification
======================================================================
NIfTI source: NeuroVault collection 23032
Behavioral source: OSF https://osf.io/download/ngwka/

[data] Downloading CSplus-minus_TFCE_nlog10p.nii.gz ...
[data] Downloading run2_currentvalencecontrast_TFCE_nlog10p.nii.gz ...
[data] Downloading run2_previousvalencecontrast_TFCE_nlog10p.nii.gz ...
[data] Downloading behaviordata_final.csv ...
[WARN] Download failed: HTTP Error 500: Internal Server Error

-----------------------------------------------------------+--------------------------+--------------------------------+-------
CLAIM SLUG                                                 | PAPER VALUE              | REPRODUCED                     | STATUS
-----------------------------------------------------------+--------------------------+--------------------------------+-------
cs-plus-univariate-fear-network-acquisition                | dACC/SFG cluster confirmed, >100 total sig voxels | total=5544 voxels, dACC/SFG=1075 voxels, peak=[6.0, 15.0, 39.0] | PASS  
current-threat-activates-fear-network-reversal             | >1000 sig voxels in fear network | total=7473 voxels, dACC/SFG=1112 voxels, peak=[-9.0, 10.0, 41.5] | PASS  
prior-threat-activates-fear-network-weakly                 | ~36 sig voxels, occipital peak NOT fear network (MISMATCH documented) | n_sig=36, peak=[-9.0, -92.5, -6.0] | PASS  
behavioral-learning-confirms-contingencies                 | CS++ > CS+- > CS-+ > CS--, p<0.0001 | Download failed                | WARN  
-----------------------------------------------------------+--------------------------+--------------------------------+-------

Summary: 4 claims | 3 PASS | 1 WARN | 0 FAIL

Note: prior-threat claim PASS = documented mismatch reproduced as expected.

All claims PASS or WARN.
EXIT: 0
